---------------------------------------
Begin Slurm Prolog: Feb-08-2024 15:43:11
Job ID:    4903666
User ID:   ichadha3
Account:   gts-ychen3538
Job name:  le-ngp-main
Partition: gpu-a100
QOS:       inferno
---------------------------------------
-------------------------------------------------------------------------------
The following dependent module(s) are not currently loaded: libxml2/2.9.13-d4fgiv (required by: cuda/12.1.1-6oacj6), libxml2/2.9.13-pd4huc (required by: gettext/0.21-rhfhqk), xz/5.2.2-kbeci4 (required by: tar/1.34-ezhzda, gettext/0.21-rhfhqk), zlib/1.2.12-xrmq2i (required by: pigz/2.7-yva4ki, binutils/2.38-c7qji3, gcc/12.1.0-qgxpzk)
-------------------------------------------------------------------------------

The following have been reloaded with a version change:
  1) gcc/10.3.0-o57x6h => gcc/12.1.0-qgxpzk
  2) libpciaccess/0.16-wfowrn => libpciaccess/0.16-u7yjrc
  3) libxml2/2.9.13-d4fgiv => libxml2/2.9.13-thqyhy
  4) mvapich2/2.3.6-ouywal => mvapich2/2.3.7-733lcv
  5) slurm/current-4bdz7m => slurm/current-ihvxtz
  6) xz/5.2.2-kbeci4 => xz/5.2.5-thedrn
  7) zlib/1.2.7-s3gked => zlib/1.2.12-2qae3b

INGP(
  (xyz_encoder): Encoding(n_input_dims=3, n_output_dims=32, seed=1337, dtype=torch.float16, hyperparams={'base_resolution': 16, 'hash': 'CoherentPrime', 'interpolation': 'Linear', 'log2_hashmap_size': 19, 'n_features_per_level': 2, 'n_levels': 16, 'otype': 'Grid', 'per_level_scale': 1.3819128274917603, 'type': 'Hash'})
  (sigma_net): Network(n_input_dims=32, n_output_dims=16, seed=1337, dtype=torch.float16, hyperparams={'encoding': {'offset': 0.0, 'otype': 'Identity', 'scale': 1.0}, 'network': {'activation': 'ReLU', 'n_hidden_layers': 2, 'n_neurons': 64, 'otype': 'FullyFusedMLP', 'output_activation': 'None'}, 'otype': 'NetworkWithInputEncoding'})
  (dir_encoder): Encoding(n_input_dims=3, n_output_dims=16, seed=1337, dtype=torch.float16, hyperparams={'degree': 4, 'otype': 'SphericalHarmonics'})
  (rgb_net): Network(n_input_dims=32, n_output_dims=3, seed=1337, dtype=torch.float16, hyperparams={'encoding': {'offset': 0.0, 'otype': 'Identity', 'scale': 1.0}, 'network': {'activation': 'ReLU', 'n_hidden_layers': 2, 'n_neurons': 64, 'otype': 'FullyFusedMLP', 'output_activation': 'None'}, 'otype': 'NetworkWithInputEncoding'})
)
Traceback (most recent call last):
  File "/storage/coda1/p-ychen3538/0/ichadha3/ishan/le-ngp/i-ngp/main.py", line 62, in <module>
    main(root_path)
  File "/storage/coda1/p-ychen3538/0/ichadha3/ishan/le-ngp/i-ngp/main.py", line 20, in main
    train_loader = DataLoader(device=device, type='train', path='root_path')
                   ^^^^^^^^^^
NameError: name 'DataLoader' is not defined
srun: error: atl1-1-01-006-9-0: task 0: Exited with exit code 1
---------------------------------------
Begin Slurm Epilog: Feb-08-2024 15:43:39
Job ID:        4903666
Array Job ID:  _4294967294
User ID:       ichadha3
Account:       gts-ychen3538
Job name:      le-ngp-main
Resources:     cpu=32,gres/gpu:a100=1,mem=128G,node=1
Rsrc Used:     cput=00:14:56,vmem=3028K,walltime=00:00:28,mem=0,energy_used=0
Partition:     gpu-a100
QOS:           inferno
Nodes:         atl1-1-01-006-9-0
---------------------------------------
